<?xml version="1.0" encoding="UTF-8"?>
<!-- Generated by org.testng.reporters.JUnitReportReporter -->
<testsuite hostname="Ravi" failures="0" tests="3" name="TestNG_D1.Annotation_Demo1" time="0.033" errors="0" timestamp="2025-05-30T00:19:32 IST" skipped="0">
  <testcase classname="TestNG_D1.Annotation_Demo1" name="payment" time="0.008"/>
  <testcase classname="TestNG_D1.Annotation_Demo1" name="addToCart" time="0.021"/>
  <testcase classname="TestNG_D1.Annotation_Demo1" name="checkout" time="0.004"/>
</testsuite> <!-- TestNG_D1.Annotation_Demo1 -->
