<?xml version="1.0" encoding="UTF-8"?>
<!-- Generated by org.testng.reporters.JUnitReportReporter -->
<testsuite hostname="Ravi" failures="0" tests="3" name="TestNG_D2.Grouping_Signup_Test_2" time="0.020" errors="0" timestamp="2025-06-05T00:09:38 IST" skipped="0">
  <testcase classname="TestNG_D2.Grouping_Signup_Test_2" name="SignupByfb" time="0.014"/>
  <testcase classname="TestNG_D2.Grouping_Signup_Test_2" name="SignupByTwitter" time="0.004"/>
  <testcase classname="TestNG_D2.Grouping_Signup_Test_2" name="SignupByEmail" time="0.002"/>
</testsuite> <!-- TestNG_D2.Grouping_Signup_Test_2 -->
