<?xml version="1.0" encoding="UTF-8"?>
<!-- Generated by org.testng.reporters.JUnitReportReporter -->
<testsuite hostname="Ravi" failures="0" tests="3" name="TestNG_D1.SecondTest" time="14.643" errors="0" timestamp="2025-05-28T23:30:46 IST" skipped="0">
  <testcase classname="TestNG_D1.SecondTest" name="openApp" time="13.565"/>
  <testcase classname="TestNG_D1.SecondTest" name="testTitle" time="0.034"/>
  <testcase classname="TestNG_D1.SecondTest" name="tearDown" time="1.044"/>
</testsuite> <!-- TestNG_D1.SecondTest -->
