<?xml version="1.0" encoding="UTF-8"?>
<!-- Generated by org.testng.reporters.JUnitReportReporter -->
<testsuite hostname="Ravi" failures="0" tests="3" name="TestNG_D2.Grouping_Login_Test_1" time="0.018" errors="0" timestamp="2025-06-05T00:02:44 IST" skipped="0">
  <testcase classname="TestNG_D2.Grouping_Login_Test_1" name="loginByfb" time="0.012"/>
  <testcase classname="TestNG_D2.Grouping_Login_Test_1" name="loginByTwitter" time="0.004"/>
  <testcase classname="TestNG_D2.Grouping_Login_Test_1" name="loginByEmail" time="0.002"/>
</testsuite> <!-- TestNG_D2.Grouping_Login_Test_1 -->
