<?xml version="1.0" encoding="UTF-8"?>
<!-- Generated by org.testng.reporters.JUnitReportReporter -->
<testsuite hostname="Ravi" failures="0" tests="1" name="Page_Object_Model.Login_Test_Case" time="5.289" errors="0" timestamp="2025-06-07T18:03:41 IST" skipped="0">
  <testcase classname="Page_Object_Model.Login_Test_Case" name="testLogin" time="5.289"/>
</testsuite> <!-- Page_Object_Model.Login_Test_Case -->
