<?xml version="1.0" encoding="UTF-8"?>
<!-- Generated by org.testng.reporters.JUnitReportReporter -->
<testsuite hostname="Ravi" failures="0" tests="3" name="TestNG_D1.Annotation_Demo2" time="0.013" errors="0" timestamp="2025-05-30T00:19:32 IST" skipped="0">
  <testcase classname="TestNG_D1.Annotation_Demo2" name="payment" time="0.003"/>
  <testcase classname="TestNG_D1.Annotation_Demo2" name="addToCart" time="0.007"/>
  <testcase classname="TestNG_D1.Annotation_Demo2" name="checkout" time="0.003"/>
</testsuite> <!-- TestNG_D1.Annotation_Demo2 -->
