<?xml version="1.0" encoding="UTF-8"?>
<!-- Generated by org.testng.reporters.JUnitReportReporter -->
<testsuite hostname="Ravi" failures="0" tests="3" name="TestNG_D2.Login_Test" time="0.023" errors="0" timestamp="2025-06-04T23:45:05 IST" skipped="0">
  <testcase classname="TestNG_D2.Login_Test" name="loginByfb" time="0.016"/>
  <testcase classname="TestNG_D2.Login_Test" name="loginByTwitter" time="0.003"/>
  <testcase classname="TestNG_D2.Login_Test" name="loginByEmail" time="0.004"/>
</testsuite> <!-- TestNG_D2.Login_Test -->
