<?xml version="1.0" encoding="UTF-8"?>
<!-- Generated by org.testng.reporters.JUnitReportReporter -->
<testsuite hostname="Ravi" failures="0" tests="2" name="TestNG_D2.Grouping_Payment_Test_3" time="0.020" errors="0" timestamp="2025-06-05T00:09:08 IST" skipped="0">
  <testcase classname="TestNG_D2.Grouping_Payment_Test_3" name="PaymentInDollars" time="0.013"/>
  <testcase classname="TestNG_D2.Grouping_Payment_Test_3" name="PaymentInRupees" time="0.007"/>
</testsuite> <!-- TestNG_D2.Grouping_Payment_Test_3 -->
