<?xml version="1.0" encoding="UTF-8"?>
<!-- Generated by org.testng.reporters.JUnitReportReporter -->
<testsuite hostname="Ravi" failures="0" tests="1" name="TestNG_D2.Test_Title" time="0.016" errors="0" timestamp="2025-05-31T00:12:59 IST" skipped="0">
  <testcase classname="TestNG_D2.Test_Title" name="testTitle" time="0.016"/>
</testsuite> <!-- TestNG_D2.Test_Title -->
