<?xml version="1.0" encoding="UTF-8"?>
<!-- Generated by org.testng.reporters.JUnitReportReporter -->
<testsuite hostname="Ravi" failures="0" tests="3" name="TestNG_D1.FirstTest_1" time="0.032" errors="0" timestamp="2025-05-28T23:30:46 IST" skipped="0">
  <testcase classname="TestNG_D1.FirstTest_1" name="openApp" time="0.021"/>
  <testcase classname="TestNG_D1.FirstTest_1" name="login" time="0.006"/>
  <testcase classname="TestNG_D1.FirstTest_1" name="logout" time="0.005"/>
</testsuite> <!-- TestNG_D1.FirstTest_1 -->
