<?xml version="1.0" encoding="UTF-8"?>
<!-- Generated by org.testng.reporters.JUnitReportReporter -->
<testsuite hostname="Ravi" failures="0" tests="3" name="TestNG_D3.Cross_Browser" time="36.691" errors="0" timestamp="2025-06-06T00:13:14 IST" skipped="0">
  <testcase classname="TestNG_D3.Cross_Browser" name="testlogin" time="14.977"/>
  <testcase classname="TestNG_D3.Cross_Browser" name="testlogin" time="11.179"/>
  <testcase classname="TestNG_D3.Cross_Browser" name="testlogin" time="10.535"/>
</testsuite> <!-- TestNG_D3.Cross_Browser -->
