<?xml version="1.0" encoding="UTF-8"?>
<!-- Generated by org.testng.reporters.JUnitReportReporter -->
<testsuite hostname="Ravi" failures="0" tests="1" name="Page_Object_Model.Login_Test_Case_WithPF" time="6.267" errors="0" timestamp="2025-06-08T12:02:29 IST" skipped="0">
  <testcase classname="Page_Object_Model.Login_Test_Case_WithPF" name="testLogin" time="6.267"/>
</testsuite> <!-- Page_Object_Model.Login_Test_Case_WithPF -->
