<?xml version="1.0" encoding="UTF-8"?>
<!-- Generated by org.testng.reporters.JUnitReportReporter -->
<testsuite hostname="Ravi" failures="0" tests="2" name="Page_Object_Model.Fake_Data_Generator" time="0.343" errors="0" timestamp="2025-06-08T12:30:13 IST" skipped="0">
  <testcase classname="Page_Object_Model.Fake_Data_Generator" name="test_FakeData" time="0.315"/>
  <testcase classname="Page_Object_Model.Fake_Data_Generator" name="randomUtils" time="0.028"/>
</testsuite> <!-- Page_Object_Model.Fake_Data_Generator -->
